-------------------------------------------------------------------------------
Test set: com.example.runner.TestRunnerIT
-------------------------------------------------------------------------------
Tests run: 1, Failures: 0, Errors: 1, Skipped: 0, Time elapsed: 0.728 s <<< FAILURE! - in com.example.runner.TestRunnerIT
As a tester I can upload files using Selenium(Selenium can upload files and take screenshots)  Time elapsed: 0.129 s  <<< ERROR!
io.cucumber.junit.UndefinedStepException: 
The step "I am on the Web Page" is undefined. You can implement it using the snippet(s) below:

@Given("I am on the Web Page")
public void i_am_on_the_Web_Page() {
    // Write code here that turns the phrase above into concrete actions
    throw new io.cucumber.java.PendingException();
}


Some other steps were also undefined:

@When("I upload the test photo")
public void i_upload_the_test_photo() {
    // Write code here that turns the phrase above into concrete actions
    throw new io.cucumber.java.PendingException();
}
@When("I click the submit button")
public void i_click_the_submit_button() {
    // Write code here that turns the phrase above into concrete actions
    throw new io.cucumber.java.PendingException();
}
@Then("An alert with the value of the file path should display")
public void an_alert_with_the_value_of_the_file_path_should_display() {
    // Write code here that turns the phrase above into concrete actions
    throw new io.cucumber.java.PendingException();
}


